<?xml version="1.0" encoding="UTF-8"?>
<robot generator="Robot 7.0.1 (Python 3.12.4 on win32)" generated="2024-07-22T00:37:41.971064" rpa="false" schemaversion="5">
<suite id="s1" name="TestCase1" source="c:\Users\Administrator\Desktop\New\Tests\TestCase1.robot">
<test id="s1-t1" name="Open Browser Page" line="7">
<kw name="Open Webpage" owner="resources">
<kw name="New Page" owner="Browser">
<msg time="2024-07-22T00:37:45.155592" level="INFO">Successfully initialized new page object and opened url: https://www.multitude.com/careers</msg>
<msg time="2024-07-22T00:37:45.158103" level="INFO">No browser and context was open. New browser and context was automatically opened when page is created.</msg>
<arg>${URL}</arg>
<tag>BrowserControl</tag>
<tag>Setter</tag>
<doc>Open a new Page.</doc>
<status status="PASS" start="2024-07-22T00:37:42.762199" elapsed="2.395904"/>
</kw>
<status status="PASS" start="2024-07-22T00:37:42.762199" elapsed="2.395904"/>
</kw>
<kw name="Click Accept" owner="resources">
<kw name="Click" owner="Browser">
<msg time="2024-07-22T00:37:45.160113" level="INFO">Clicks the element '//*[@id="cc-acceptAll-btn"]/span/span'.</msg>
<arg>${CLICK_ACCEPT}</arg>
<tag>PageContent</tag>
<tag>Setter</tag>
<doc>Simulates mouse click on the element found by ``selector``.</doc>
<status status="PASS" start="2024-07-22T00:37:45.160113" elapsed="0.088581"/>
</kw>
<status status="PASS" start="2024-07-22T00:37:45.159112" elapsed="0.089582"/>
</kw>
<kw name="Click Search" owner="resources">
<kw name="Click" owner="Browser">
<msg time="2024-07-22T00:37:45.250677" level="INFO">Clicks the element '//section[@id='landing-page-banner']//a[contains(text(), "Search jobs")]'.</msg>
<arg>${CLICK_SEARCH_JOBS}</arg>
<tag>PageContent</tag>
<tag>Setter</tag>
<doc>Simulates mouse click on the element found by ``selector``.</doc>
<status status="PASS" start="2024-07-22T00:37:45.249678" elapsed="0.086601"/>
</kw>
<status status="PASS" start="2024-07-22T00:37:45.249678" elapsed="0.086601"/>
</kw>
<kw name="Open Webpage2" owner="resources">
<kw name="New Page" owner="Browser">
<msg time="2024-07-22T00:37:48.606747" level="INFO">Successfully initialized new page object and opened url: https://multitude.bamboohr.com/careers</msg>
<arg>${URL2}</arg>
<tag>BrowserControl</tag>
<tag>Setter</tag>
<doc>Open a new Page.</doc>
<status status="PASS" start="2024-07-22T00:37:45.338290" elapsed="3.269457"/>
</kw>
<status status="PASS" start="2024-07-22T00:37:45.337462" elapsed="3.270285"/>
</kw>
<kw name="Click Engineer" owner="resources">
<kw name="Click" owner="Browser">
<msg time="2024-07-22T00:37:48.608746" level="INFO">Clicks the element 'xpath=/html/body/div[2]/div/div/div[1]/main/div/div[1]/ul/div[35]/li/div/a'.</msg>
<arg>${CLICK_ENGINEER}</arg>
<tag>PageContent</tag>
<tag>Setter</tag>
<doc>Simulates mouse click on the element found by ``selector``.</doc>
<status status="PASS" start="2024-07-22T00:37:48.608746" elapsed="0.949383"/>
</kw>
<status status="PASS" start="2024-07-22T00:37:48.608746" elapsed="0.949383"/>
</kw>
<kw name="Get Element" owner="Browser">
<msg time="2024-07-22T00:37:50.903476" level="INFO">Locator found successfully.</msg>
<arg>${input_element}</arg>
<tag>Getter</tag>
<tag>PageContent</tag>
<doc>Returns a reference to a Playwright [https://playwright.dev/docs/api/class-locator|Locator].</doc>
<status status="PASS" start="2024-07-22T00:37:49.559125" elapsed="1.345351"/>
</kw>
<kw name="Get Text" owner="Browser">
<msg time="2024-07-22T00:37:50.934479" level="INFO">Text: 'https://multitude.bamboohr.com/careers/1126'</msg>
<msg time="2024-07-22T00:37:50.934479" level="INFO">${actual_text} = https://multitude.bamboohr.com/careers/1126</msg>
<var>${actual_text}</var>
<arg>${input_element}</arg>
<tag>Assertion</tag>
<tag>Getter</tag>
<tag>PageContent</tag>
<doc>Returns text attribute of the element found by ``selector``.</doc>
<status status="PASS" start="2024-07-22T00:37:50.904476" elapsed="0.030003"/>
</kw>
<kw name="Get Url" owner="Browser">
<msg time="2024-07-22T00:37:50.938478" level="INFO">${current_url} = https://multitude.bamboohr.com/careers/1126</msg>
<var>${current_url}</var>
<tag>Assertion</tag>
<tag>Getter</tag>
<tag>PageContent</tag>
<doc>Returns the current URL.</doc>
<status status="PASS" start="2024-07-22T00:37:50.935478" elapsed="0.003000"/>
</kw>
<kw name="Should Be Equal" owner="BuiltIn">
<arg>${actual_text}</arg>
<arg>${current_url}</arg>
<doc>Fails if the given objects are unequal.</doc>
<status status="PASS" start="2024-07-22T00:37:50.938478" elapsed="0.000998"/>
</kw>
<kw name="Take Screenshot" owner="Browser">
<msg time="2024-07-22T00:37:51.085910" level="INFO" html="true">&lt;/td&gt;&lt;/tr&gt;&lt;tr&gt;&lt;td colspan="3"&gt;&lt;a href="browser/screenshot/robotframework-browser-screenshot-1.png" target="_blank"&gt;&lt;img src="browser/screenshot/robotframework-browser-screenshot-1.png" width="800px"/&gt;&lt;/a&gt;</msg>
<tag>PageContent</tag>
<doc>Takes a screenshot of the current window or element and saves it to disk.</doc>
<status status="PASS" start="2024-07-22T00:37:50.939476" elapsed="0.147474"/>
</kw>
<status status="PASS" start="2024-07-22T00:37:42.759215" elapsed="8.328694"/>
</test>
<doc>Verify Text Equality</doc>
<status status="PASS" start="2024-07-22T00:37:41.976063" elapsed="9.180465"/>
</suite>
<statistics>
<total>
<stat pass="1" fail="0" skip="0">All Tests</stat>
</total>
<tag>
</tag>
<suite>
<stat pass="1" fail="0" skip="0" id="s1" name="TestCase1">TestCase1</stat>
</suite>
</statistics>
<errors>
</errors>
</robot>
